{"/Users/jaseem/Documents/RN-Training/amazecart/Components/Core/PromotionLabel.js": {"path":"/Users/jaseem/Documents/RN-Training/amazecart/Components/Core/PromotionLabel.js","statementMap":{"0":{"start":{"line":4,"column":23},"end":{"line":10,"column":1}},"1":{"start":{"line":5,"column":2},"end":{"line":9,"column":4}},"2":{"start":{"line":12,"column":15},"end":{"line":24,"column":2}}},"fnMap":{"0":{"name":"(anonymous_0)","decl":{"start":{"line":4,"column":23},"end":{"line":4,"column":24}},"loc":{"start":{"line":4,"column":36},"end":{"line":10,"column":1}},"line":4}},"branchMap":{},"s":{"0":3,"1":6,"2":3},"f":{"0":6},"b":{},"_coverageSchema":"1a1c01bbd47fc00a2c39e90264f33305004495a9","hash":"102dc10a01024472947b400a0e837a8355970316"}
,"/Users/jaseem/Documents/RN-Training/amazecart/Components/Core/ShadowComponent.js": {"path":"/Users/jaseem/Documents/RN-Training/amazecart/Components/Core/ShadowComponent.js","statementMap":{"0":{"start":{"line":4,"column":24},"end":{"line":6,"column":1}},"1":{"start":{"line":5,"column":2},"end":{"line":5,"column":73}},"2":{"start":{"line":8,"column":15},"end":{"line":18,"column":2}}},"fnMap":{"0":{"name":"(anonymous_0)","decl":{"start":{"line":4,"column":24},"end":{"line":4,"column":25}},"loc":{"start":{"line":4,"column":47},"end":{"line":6,"column":1}},"line":4}},"branchMap":{},"s":{"0":2,"1":4,"2":2},"f":{"0":4},"b":{},"_coverageSchema":"1a1c01bbd47fc00a2c39e90264f33305004495a9","hash":"3e2ae56b46d82a69a2b402ce7278af0543005dba"}
,"/Users/jaseem/Documents/RN-Training/amazecart/Components/ProductDetails/Color.js": {"path":"/Users/jaseem/Documents/RN-Training/amazecart/Components/ProductDetails/Color.js","statementMap":{"0":{"start":{"line":8,"column":2},"end":{"line":16,"column":4}},"1":{"start":{"line":19,"column":15},"end":{"line":42,"column":2}}},"fnMap":{"0":{"name":"Color","decl":{"start":{"line":7,"column":9},"end":{"line":7,"column":14}},"loc":{"start":{"line":7,"column":17},"end":{"line":17,"column":1}},"line":7}},"branchMap":{},"s":{"0":3,"1":2},"f":{"0":3},"b":{},"_coverageSchema":"1a1c01bbd47fc00a2c39e90264f33305004495a9","hash":"a6fd8e7777f262c4d8c3aee869fb783fa5f36f13"}
,"/Users/jaseem/Documents/RN-Training/amazecart/Components/ProductDetails/ColorTile.js": {"path":"/Users/jaseem/Documents/RN-Training/amazecart/Components/ProductDetails/ColorTile.js","statementMap":{"0":{"start":{"line":5,"column":18},"end":{"line":11,"column":1}},"1":{"start":{"line":6,"column":2},"end":{"line":10,"column":4}},"2":{"start":{"line":13,"column":15},"end":{"line":36,"column":2}}},"fnMap":{"0":{"name":"(anonymous_0)","decl":{"start":{"line":5,"column":18},"end":{"line":5,"column":19}},"loc":{"start":{"line":5,"column":48},"end":{"line":11,"column":1}},"line":5}},"branchMap":{},"s":{"0":3,"1":14,"2":3},"f":{"0":14},"b":{},"_coverageSchema":"1a1c01bbd47fc00a2c39e90264f33305004495a9","hash":"10fc0c73115349a31726bacea6bd11a8b98db7ba"}
,"/Users/jaseem/Documents/RN-Training/amazecart/Components/ProductDetails/DetailSection.js": {"path":"/Users/jaseem/Documents/RN-Training/amazecart/Components/ProductDetails/DetailSection.js","statementMap":{"0":{"start":{"line":8,"column":2},"end":{"line":18,"column":4}},"1":{"start":{"line":21,"column":15},"end":{"line":26,"column":2}}},"fnMap":{"0":{"name":"DetailSection","decl":{"start":{"line":7,"column":9},"end":{"line":7,"column":22}},"loc":{"start":{"line":7,"column":31},"end":{"line":19,"column":1}},"line":7}},"branchMap":{},"s":{"0":1,"1":1},"f":{"0":1},"b":{},"_coverageSchema":"1a1c01bbd47fc00a2c39e90264f33305004495a9","hash":"8889a7c2f12b6c70f65e667c67796bc0265783d5"}
,"/Users/jaseem/Documents/RN-Training/amazecart/Components/ProductDetails/DetailTitle.js": {"path":"/Users/jaseem/Documents/RN-Training/amazecart/Components/ProductDetails/DetailTitle.js","statementMap":{"0":{"start":{"line":7,"column":2},"end":{"line":29,"column":4}},"1":{"start":{"line":32,"column":15},"end":{"line":57,"column":2}}},"fnMap":{"0":{"name":"DetailTitle","decl":{"start":{"line":6,"column":9},"end":{"line":6,"column":20}},"loc":{"start":{"line":6,"column":51},"end":{"line":30,"column":1}},"line":6}},"branchMap":{},"s":{"0":6,"1":2},"f":{"0":6},"b":{},"_coverageSchema":"1a1c01bbd47fc00a2c39e90264f33305004495a9","hash":"b3566c0019c72e68e97f8df2db5950fe0624de97"}
,"/Users/jaseem/Documents/RN-Training/amazecart/Components/ProductDetails/ImageSection.js": {"path":"/Users/jaseem/Documents/RN-Training/amazecart/Components/ProductDetails/ImageSection.js","statementMap":{"0":{"start":{"line":10,"column":17},"end":{"line":10,"column":45}},"1":{"start":{"line":12,"column":40},"end":{"line":12,"column":51}},"2":{"start":{"line":14,"column":19},"end":{"line":24,"column":3}},"3":{"start":{"line":15,"column":4},"end":{"line":23,"column":6}},"4":{"start":{"line":26,"column":23},"end":{"line":34,"column":3}},"5":{"start":{"line":27,"column":21},"end":{"line":30,"column":5}},"6":{"start":{"line":31,"column":4},"end":{"line":33,"column":5}},"7":{"start":{"line":32,"column":6},"end":{"line":32,"column":31}},"8":{"start":{"line":36,"column":2},"end":{"line":81,"column":4}},"9":{"start":{"line":59,"column":42},"end":{"line":59,"column":62}},"10":{"start":{"line":69,"column":16},"end":{"line":74,"column":28}},"11":{"start":{"line":84,"column":15},"end":{"line":141,"column":2}}},"fnMap":{"0":{"name":"ImageSection","decl":{"start":{"line":9,"column":9},"end":{"line":9,"column":21}},"loc":{"start":{"line":9,"column":31},"end":{"line":82,"column":1}},"line":9},"1":{"name":"(anonymous_1)","decl":{"start":{"line":14,"column":19},"end":{"line":14,"column":20}},"loc":{"start":{"line":15,"column":4},"end":{"line":23,"column":6}},"line":15},"2":{"name":"(anonymous_2)","decl":{"start":{"line":26,"column":23},"end":{"line":26,"column":24}},"loc":{"start":{"line":26,"column":32},"end":{"line":34,"column":3}},"line":26},"3":{"name":"(anonymous_3)","decl":{"start":{"line":59,"column":26},"end":{"line":59,"column":27}},"loc":{"start":{"line":59,"column":42},"end":{"line":59,"column":62}},"line":59},"4":{"name":"(anonymous_4)","decl":{"start":{"line":68,"column":26},"end":{"line":68,"column":27}},"loc":{"start":{"line":69,"column":16},"end":{"line":74,"column":28}},"line":69}},"branchMap":{"0":{"loc":{"start":{"line":31,"column":4},"end":{"line":33,"column":5}},"type":"if","locations":[{"start":{"line":31,"column":4},"end":{"line":33,"column":5}},{"start":{},"end":{}}],"line":31},"1":{"loc":{"start":{"line":73,"column":20},"end":{"line":73,"column":78}},"type":"cond-expr","locations":[{"start":{"line":73,"column":44},"end":{"line":73,"column":71}},{"start":{"line":73,"column":74},"end":{"line":73,"column":78}}],"line":73}},"s":{"0":2,"1":2,"2":2,"3":8,"4":2,"5":0,"6":0,"7":0,"8":2,"9":8,"10":8,"11":1},"f":{"0":2,"1":8,"2":0,"3":8,"4":8},"b":{"0":[0,0],"1":[2,6]},"_coverageSchema":"1a1c01bbd47fc00a2c39e90264f33305004495a9","hash":"2ad0dc4635799b9a432349e3b54d57ecbe0f0e4e"}
,"/Users/jaseem/Documents/RN-Training/amazecart/Components/ProductDetails/PriceSection.js": {"path":"/Users/jaseem/Documents/RN-Training/amazecart/Components/ProductDetails/PriceSection.js","statementMap":{"0":{"start":{"line":6,"column":21},"end":{"line":34,"column":1}},"1":{"start":{"line":7,"column":29},"end":{"line":7,"column":52}},"2":{"start":{"line":9,"column":22},"end":{"line":12,"column":3}},"3":{"start":{"line":10,"column":4},"end":{"line":10,"column":30}},"4":{"start":{"line":11,"column":4},"end":{"line":11,"column":45}},"5":{"start":{"line":14,"column":2},"end":{"line":33,"column":4}},"6":{"start":{"line":36,"column":15},"end":{"line":73,"column":2}}},"fnMap":{"0":{"name":"(anonymous_0)","decl":{"start":{"line":6,"column":21},"end":{"line":6,"column":22}},"loc":{"start":{"line":6,"column":33},"end":{"line":34,"column":1}},"line":6},"1":{"name":"(anonymous_1)","decl":{"start":{"line":9,"column":22},"end":{"line":9,"column":23}},"loc":{"start":{"line":9,"column":28},"end":{"line":12,"column":3}},"line":9}},"branchMap":{},"s":{"0":1,"1":5,"2":5,"3":1,"4":1,"5":5,"6":1},"f":{"0":5,"1":1},"b":{},"_coverageSchema":"1a1c01bbd47fc00a2c39e90264f33305004495a9","hash":"d3a6d53c1a92bc64097dcfa93f69554868f8ff81"}
,"/Users/jaseem/Documents/RN-Training/amazecart/Components/ProductDetails/Size.js": {"path":"/Users/jaseem/Documents/RN-Training/amazecart/Components/ProductDetails/Size.js","statementMap":{"0":{"start":{"line":7,"column":36},"end":{"line":7,"column":50}},"1":{"start":{"line":9,"column":2},"end":{"line":25,"column":4}},"2":{"start":{"line":27,"column":15},"end":{"line":53,"column":2}}},"fnMap":{"0":{"name":"Size","decl":{"start":{"line":6,"column":9},"end":{"line":6,"column":13}},"loc":{"start":{"line":6,"column":16},"end":{"line":26,"column":1}},"line":6}},"branchMap":{},"s":{"0":3,"1":3,"2":2},"f":{"0":3},"b":{},"_coverageSchema":"1a1c01bbd47fc00a2c39e90264f33305004495a9","hash":"cfbf17ced61ebe1c7311ef0732a21517f96ae360"}
,"/Users/jaseem/Documents/RN-Training/amazecart/Components/ProductDetails/SizeBox.js": {"path":"/Users/jaseem/Documents/RN-Training/amazecart/Components/ProductDetails/SizeBox.js","statementMap":{"0":{"start":{"line":5,"column":16},"end":{"line":31,"column":1}},"1":{"start":{"line":6,"column":38},"end":{"line":6,"column":53}},"2":{"start":{"line":8,"column":22},"end":{"line":10,"column":3}},"3":{"start":{"line":9,"column":4},"end":{"line":9,"column":24}},"4":{"start":{"line":12,"column":2},"end":{"line":18,"column":18}},"5":{"start":{"line":13,"column":4},"end":{"line":17,"column":5}},"6":{"start":{"line":14,"column":6},"end":{"line":14,"column":26}},"7":{"start":{"line":16,"column":6},"end":{"line":16,"column":27}},"8":{"start":{"line":20,"column":21},"end":{"line":22,"column":27}},"9":{"start":{"line":24,"column":2},"end":{"line":30,"column":4}},"10":{"start":{"line":33,"column":15},"end":{"line":50,"column":2}}},"fnMap":{"0":{"name":"(anonymous_0)","decl":{"start":{"line":5,"column":16},"end":{"line":5,"column":17}},"loc":{"start":{"line":5,"column":64},"end":{"line":31,"column":1}},"line":5},"1":{"name":"(anonymous_1)","decl":{"start":{"line":8,"column":22},"end":{"line":8,"column":23}},"loc":{"start":{"line":8,"column":28},"end":{"line":10,"column":3}},"line":8},"2":{"name":"(anonymous_2)","decl":{"start":{"line":12,"column":12},"end":{"line":12,"column":13}},"loc":{"start":{"line":12,"column":18},"end":{"line":18,"column":3}},"line":12}},"branchMap":{"0":{"loc":{"start":{"line":13,"column":4},"end":{"line":17,"column":5}},"type":"if","locations":[{"start":{"line":13,"column":4},"end":{"line":17,"column":5}},{"start":{"line":15,"column":11},"end":{"line":17,"column":5}}],"line":13},"1":{"loc":{"start":{"line":20,"column":21},"end":{"line":22,"column":27}},"type":"cond-expr","locations":[{"start":{"line":21,"column":6},"end":{"line":21,"column":52}},{"start":{"line":22,"column":6},"end":{"line":22,"column":27}}],"line":20}},"s":{"0":4,"1":14,"2":14,"3":0,"4":14,"5":13,"6":1,"7":12,"8":14,"9":14,"10":4},"f":{"0":14,"1":0,"2":13},"b":{"0":[1,12],"1":[1,13]},"_coverageSchema":"1a1c01bbd47fc00a2c39e90264f33305004495a9","hash":"cbb8214b22250e8849463258bf88c17b8b85b348"}
,"/Users/jaseem/Documents/RN-Training/amazecart/Components/ProductList/FavoriteBar.js": {"path":"/Users/jaseem/Documents/RN-Training/amazecart/Components/ProductList/FavoriteBar.js","statementMap":{"0":{"start":{"line":8,"column":20},"end":{"line":59,"column":1}},"1":{"start":{"line":10,"column":4},"end":{"line":10,"column":31}},"2":{"start":{"line":11,"column":15},"end":{"line":11,"column":19}},"3":{"start":{"line":13,"column":33},"end":{"line":15,"column":3}},"4":{"start":{"line":14,"column":4},"end":{"line":14,"column":68}},"5":{"start":{"line":14,"column":46},"end":{"line":14,"column":66}},"6":{"start":{"line":17,"column":22},"end":{"line":26,"column":3}},"7":{"start":{"line":18,"column":28},"end":{"line":18,"column":54}},"8":{"start":{"line":19,"column":4},"end":{"line":25,"column":5}},"9":{"start":{"line":20,"column":6},"end":{"line":20,"column":36}},"10":{"start":{"line":21,"column":6},"end":{"line":21,"column":28}},"11":{"start":{"line":23,"column":6},"end":{"line":23,"column":31}},"12":{"start":{"line":24,"column":6},"end":{"line":24,"column":27}},"13":{"start":{"line":28,"column":40},"end":{"line":28,"column":55}},"14":{"start":{"line":29,"column":2},"end":{"line":36,"column":25}},"15":{"start":{"line":30,"column":26},"end":{"line":30,"column":52}},"16":{"start":{"line":31,"column":4},"end":{"line":35,"column":5}},"17":{"start":{"line":32,"column":6},"end":{"line":32,"column":27}},"18":{"start":{"line":34,"column":6},"end":{"line":34,"column":28}},"19":{"start":{"line":38,"column":2},"end":{"line":58,"column":4}},"20":{"start":{"line":60,"column":15},"end":{"line":70,"column":2}}},"fnMap":{"0":{"name":"(anonymous_0)","decl":{"start":{"line":8,"column":20},"end":{"line":8,"column":21}},"loc":{"start":{"line":8,"column":38},"end":{"line":59,"column":1}},"line":8},"1":{"name":"(anonymous_1)","decl":{"start":{"line":13,"column":33},"end":{"line":13,"column":34}},"loc":{"start":{"line":13,"column":43},"end":{"line":15,"column":3}},"line":13},"2":{"name":"(anonymous_2)","decl":{"start":{"line":14,"column":33},"end":{"line":14,"column":34}},"loc":{"start":{"line":14,"column":46},"end":{"line":14,"column":66}},"line":14},"3":{"name":"(anonymous_3)","decl":{"start":{"line":17,"column":22},"end":{"line":17,"column":23}},"loc":{"start":{"line":17,"column":28},"end":{"line":26,"column":3}},"line":17},"4":{"name":"(anonymous_4)","decl":{"start":{"line":29,"column":12},"end":{"line":29,"column":13}},"loc":{"start":{"line":29,"column":18},"end":{"line":36,"column":3}},"line":29}},"branchMap":{"0":{"loc":{"start":{"line":19,"column":4},"end":{"line":25,"column":5}},"type":"if","locations":[{"start":{"line":19,"column":4},"end":{"line":25,"column":5}},{"start":{"line":22,"column":11},"end":{"line":25,"column":5}}],"line":19},"1":{"loc":{"start":{"line":31,"column":4},"end":{"line":35,"column":5}},"type":"if","locations":[{"start":{"line":31,"column":4},"end":{"line":35,"column":5}},{"start":{"line":33,"column":11},"end":{"line":35,"column":5}}],"line":31},"2":{"loc":{"start":{"line":40,"column":7},"end":{"line":56,"column":7}},"type":"cond-expr","locations":[{"start":{"line":41,"column":8},"end":{"line":48,"column":15}},{"start":{"line":50,"column":8},"end":{"line":55,"column":10}}],"line":40}},"s":{"0":3,"1":14,"2":14,"3":14,"4":12,"5":4,"6":14,"7":2,"8":2,"9":1,"10":1,"11":1,"12":1,"13":14,"14":14,"15":10,"16":10,"17":3,"18":7,"19":14,"20":3},"f":{"0":14,"1":12,"2":4,"3":2,"4":10},"b":{"0":[1,1],"1":[3,7],"2":[4,10]},"_coverageSchema":"1a1c01bbd47fc00a2c39e90264f33305004495a9","hash":"d9f456855c51ca709b69ce5051f928675cd67b19"}
,"/Users/jaseem/Documents/RN-Training/amazecart/Components/ProductList/Filter.js": {"path":"/Users/jaseem/Documents/RN-Training/amazecart/Components/ProductList/Filter.js","statementMap":{"0":{"start":{"line":5,"column":22},"end":{"line":27,"column":1}},"1":{"start":{"line":6,"column":22},"end":{"line":6,"column":31}},"2":{"start":{"line":7,"column":22},"end":{"line":11,"column":3}},"3":{"start":{"line":8,"column":4},"end":{"line":10,"column":6}},"4":{"start":{"line":9,"column":6},"end":{"line":9,"column":65}},"5":{"start":{"line":12,"column":2},"end":{"line":26,"column":4}},"6":{"start":{"line":29,"column":15},"end":{"line":61,"column":1}},"7":{"start":{"line":30,"column":46},"end":{"line":30,"column":60}},"8":{"start":{"line":31,"column":21},"end":{"line":31,"column":47}},"9":{"start":{"line":33,"column":25},"end":{"line":33,"column":27}},"10":{"start":{"line":34,"column":2},"end":{"line":36,"column":3}},"11":{"start":{"line":35,"column":4},"end":{"line":35,"column":76}},"12":{"start":{"line":38,"column":2},"end":{"line":47,"column":23}},"13":{"start":{"line":39,"column":27},"end":{"line":41,"column":5}},"14":{"start":{"line":40,"column":6},"end":{"line":40,"column":44}},"15":{"start":{"line":42,"column":4},"end":{"line":46,"column":5}},"16":{"start":{"line":43,"column":6},"end":{"line":43,"column":23}},"17":{"start":{"line":45,"column":6},"end":{"line":45,"column":53}},"18":{"start":{"line":49,"column":2},"end":{"line":60,"column":4}},"19":{"start":{"line":56,"column":39},"end":{"line":56,"column":44}},"20":{"start":{"line":63,"column":15},"end":{"line":86,"column":2}}},"fnMap":{"0":{"name":"(anonymous_0)","decl":{"start":{"line":5,"column":22},"end":{"line":5,"column":23}},"loc":{"start":{"line":5,"column":30},"end":{"line":27,"column":1}},"line":5},"1":{"name":"(anonymous_1)","decl":{"start":{"line":7,"column":22},"end":{"line":7,"column":23}},"loc":{"start":{"line":7,"column":28},"end":{"line":11,"column":3}},"line":7},"2":{"name":"(anonymous_2)","decl":{"start":{"line":8,"column":34},"end":{"line":8,"column":35}},"loc":{"start":{"line":9,"column":6},"end":{"line":9,"column":65}},"line":9},"3":{"name":"(anonymous_3)","decl":{"start":{"line":29,"column":15},"end":{"line":29,"column":16}},"loc":{"start":{"line":29,"column":28},"end":{"line":61,"column":1}},"line":29},"4":{"name":"(anonymous_4)","decl":{"start":{"line":38,"column":12},"end":{"line":38,"column":13}},"loc":{"start":{"line":38,"column":18},"end":{"line":47,"column":3}},"line":38},"5":{"name":"(anonymous_5)","decl":{"start":{"line":39,"column":27},"end":{"line":39,"column":28}},"loc":{"start":{"line":39,"column":39},"end":{"line":41,"column":5}},"line":39},"6":{"name":"(anonymous_6)","decl":{"start":{"line":56,"column":22},"end":{"line":56,"column":23}},"loc":{"start":{"line":56,"column":39},"end":{"line":56,"column":44}},"line":56}},"branchMap":{"0":{"loc":{"start":{"line":9,"column":6},"end":{"line":9,"column":65}},"type":"cond-expr","locations":[{"start":{"line":9,"column":41},"end":{"line":9,"column":45}},{"start":{"line":9,"column":48},"end":{"line":9,"column":65}}],"line":9},"1":{"loc":{"start":{"line":16,"column":8},"end":{"line":18,"column":16}},"type":"cond-expr","locations":[{"start":{"line":17,"column":12},"end":{"line":17,"column":31}},{"start":{"line":18,"column":12},"end":{"line":18,"column":16}}],"line":16},"2":{"loc":{"start":{"line":42,"column":4},"end":{"line":46,"column":5}},"type":"if","locations":[{"start":{"line":42,"column":4},"end":{"line":46,"column":5}},{"start":{"line":44,"column":11},"end":{"line":46,"column":5}}],"line":42}},"s":{"0":1,"1":16,"2":16,"3":3,"4":3,"5":16,"6":1,"7":8,"8":8,"9":8,"10":8,"11":16,"12":8,"13":8,"14":6,"15":8,"16":6,"17":2,"18":8,"19":16,"20":1},"f":{"0":16,"1":3,"2":3,"3":8,"4":8,"5":6,"6":16},"b":{"0":[1,2],"1":[2,14],"2":[6,2]},"_coverageSchema":"1a1c01bbd47fc00a2c39e90264f33305004495a9","hash":"597dd99f085bc26c58ea9e3f9f9de4f2531a9f0e"}
,"/Users/jaseem/Documents/RN-Training/amazecart/Components/ProductList/ProductDescription.js": {"path":"/Users/jaseem/Documents/RN-Training/amazecart/Components/ProductList/ProductDescription.js","statementMap":{"0":{"start":{"line":4,"column":27},"end":{"line":11,"column":1}},"1":{"start":{"line":5,"column":2},"end":{"line":10,"column":4}},"2":{"start":{"line":13,"column":15},"end":{"line":25,"column":2}}},"fnMap":{"0":{"name":"(anonymous_0)","decl":{"start":{"line":4,"column":27},"end":{"line":4,"column":28}},"loc":{"start":{"line":4,"column":39},"end":{"line":11,"column":1}},"line":4}},"branchMap":{},"s":{"0":4,"1":8,"2":4},"f":{"0":8},"b":{},"_coverageSchema":"1a1c01bbd47fc00a2c39e90264f33305004495a9","hash":"2a99a2af03ddb413a1b0ea536785de2845f7473b"}
,"/Users/jaseem/Documents/RN-Training/amazecart/Components/ProductList/ProductDetails.js": {"path":"/Users/jaseem/Documents/RN-Training/amazecart/Components/ProductList/ProductDetails.js","statementMap":{"0":{"start":{"line":6,"column":23},"end":{"line":22,"column":1}},"1":{"start":{"line":7,"column":2},"end":{"line":21,"column":4}},"2":{"start":{"line":24,"column":15},"end":{"line":53,"column":2}}},"fnMap":{"0":{"name":"(anonymous_0)","decl":{"start":{"line":6,"column":23},"end":{"line":6,"column":24}},"loc":{"start":{"line":6,"column":35},"end":{"line":22,"column":1}},"line":6}},"branchMap":{},"s":{"0":3,"1":6,"2":3},"f":{"0":6},"b":{},"_coverageSchema":"1a1c01bbd47fc00a2c39e90264f33305004495a9","hash":"0eced9dabee4ea953868b6ef8c16f7e9a7394be9"}
,"/Users/jaseem/Documents/RN-Training/amazecart/Components/ProductList/ProductImage.js": {"path":"/Users/jaseem/Documents/RN-Training/amazecart/Components/ProductList/ProductImage.js","statementMap":{"0":{"start":{"line":4,"column":21},"end":{"line":23,"column":1}},"1":{"start":{"line":10,"column":2},"end":{"line":22,"column":4}},"2":{"start":{"line":24,"column":15},"end":{"line":48,"column":2}}},"fnMap":{"0":{"name":"(anonymous_0)","decl":{"start":{"line":4,"column":21},"end":{"line":4,"column":22}},"loc":{"start":{"line":9,"column":6},"end":{"line":23,"column":1}},"line":9}},"branchMap":{},"s":{"0":4,"1":5,"2":4},"f":{"0":5},"b":{},"_coverageSchema":"1a1c01bbd47fc00a2c39e90264f33305004495a9","hash":"95a4f3b1b7fc4b4551e7da59a1c672a193344e01"}
,"/Users/jaseem/Documents/RN-Training/amazecart/Components/ProductList/ProductItem.js": {"path":"/Users/jaseem/Documents/RN-Training/amazecart/Components/ProductList/ProductItem.js","statementMap":{"0":{"start":{"line":9,"column":20},"end":{"line":34,"column":1}},"1":{"start":{"line":10,"column":21},"end":{"line":10,"column":36}},"2":{"start":{"line":12,"column":22},"end":{"line":14,"column":3}},"3":{"start":{"line":13,"column":4},"end":{"line":13,"column":56}},"4":{"start":{"line":16,"column":2},"end":{"line":33,"column":4}},"5":{"start":{"line":36,"column":15},"end":{"line":83,"column":2}}},"fnMap":{"0":{"name":"(anonymous_0)","decl":{"start":{"line":9,"column":20},"end":{"line":9,"column":21}},"loc":{"start":{"line":9,"column":32},"end":{"line":34,"column":1}},"line":9},"1":{"name":"(anonymous_1)","decl":{"start":{"line":12,"column":22},"end":{"line":12,"column":23}},"loc":{"start":{"line":12,"column":28},"end":{"line":14,"column":3}},"line":12}},"branchMap":{},"s":{"0":2,"1":4,"2":4,"3":1,"4":4,"5":2},"f":{"0":4,"1":1},"b":{},"_coverageSchema":"1a1c01bbd47fc00a2c39e90264f33305004495a9","hash":"ac794615af1a1bd291b6364d74fa120c8d9cd51b"}
,"/Users/jaseem/Documents/RN-Training/amazecart/Components/ProductList/ProductList.js": {"path":"/Users/jaseem/Documents/RN-Training/amazecart/Components/ProductList/ProductList.js","statementMap":{"0":{"start":{"line":4,"column":28},"end":{"line":6,"column":1}},"1":{"start":{"line":5,"column":2},"end":{"line":5,"column":37}},"2":{"start":{"line":8,"column":20},"end":{"line":22,"column":1}},"3":{"start":{"line":9,"column":2},"end":{"line":21,"column":4}},"4":{"start":{"line":17,"column":30},"end":{"line":17,"column":37}},"5":{"start":{"line":24,"column":15},"end":{"line":32,"column":2}}},"fnMap":{"0":{"name":"(anonymous_0)","decl":{"start":{"line":4,"column":28},"end":{"line":4,"column":29}},"loc":{"start":{"line":4,"column":40},"end":{"line":6,"column":1}},"line":4},"1":{"name":"(anonymous_1)","decl":{"start":{"line":8,"column":20},"end":{"line":8,"column":21}},"loc":{"start":{"line":8,"column":33},"end":{"line":22,"column":1}},"line":8},"2":{"name":"(anonymous_2)","decl":{"start":{"line":17,"column":22},"end":{"line":17,"column":23}},"loc":{"start":{"line":17,"column":30},"end":{"line":17,"column":37}},"line":17}},"branchMap":{},"s":{"0":1,"1":0,"2":1,"3":2,"4":0,"5":1},"f":{"0":0,"1":2,"2":0},"b":{},"_coverageSchema":"1a1c01bbd47fc00a2c39e90264f33305004495a9","hash":"f5c2a7214150e916e224c0c0578ca5585aba1f90"}
,"/Users/jaseem/Documents/RN-Training/amazecart/Screens/Favorites.js": {"path":"/Users/jaseem/Documents/RN-Training/amazecart/Screens/Favorites.js","statementMap":{"0":{"start":{"line":5,"column":2},"end":{"line":9,"column":4}}},"fnMap":{"0":{"name":"Favorites","decl":{"start":{"line":4,"column":9},"end":{"line":4,"column":18}},"loc":{"start":{"line":4,"column":21},"end":{"line":10,"column":1}},"line":4}},"branchMap":{},"s":{"0":1},"f":{"0":1},"b":{},"_coverageSchema":"1a1c01bbd47fc00a2c39e90264f33305004495a9","hash":"926d41397665a340eb310857ac234dac9bf5affa"}
,"/Users/jaseem/Documents/RN-Training/amazecart/Store/CartContextProvider.js": {"path":"/Users/jaseem/Documents/RN-Training/amazecart/Store/CartContextProvider.js","statementMap":{"0":{"start":{"line":3,"column":27},"end":{"line":9,"column":2}},"1":{"start":{"line":11,"column":28},"end":{"line":57,"column":1}},"2":{"start":{"line":12,"column":42},"end":{"line":12,"column":54}},"3":{"start":{"line":14,"column":27},"end":{"line":23,"column":3}},"4":{"start":{"line":15,"column":32},"end":{"line":15,"column":73}},"5":{"start":{"line":15,"column":58},"end":{"line":15,"column":72}},"6":{"start":{"line":16,"column":4},"end":{"line":22,"column":5}},"7":{"start":{"line":17,"column":6},"end":{"line":19,"column":9}},"8":{"start":{"line":18,"column":8},"end":{"line":18,"column":53}},"9":{"start":{"line":21,"column":6},"end":{"line":21,"column":64}},"10":{"start":{"line":25,"column":32},"end":{"line":29,"column":3}},"11":{"start":{"line":26,"column":4},"end":{"line":28,"column":7}},"12":{"start":{"line":27,"column":6},"end":{"line":27,"column":53}},"13":{"start":{"line":27,"column":38},"end":{"line":27,"column":51}},"14":{"start":{"line":31,"column":20},"end":{"line":33,"column":3}},"15":{"start":{"line":32,"column":4},"end":{"line":32,"column":24}},"16":{"start":{"line":35,"column":30},"end":{"line":47,"column":3}},"17":{"start":{"line":36,"column":4},"end":{"line":46,"column":7}},"18":{"start":{"line":37,"column":6},"end":{"line":45,"column":9}},"19":{"start":{"line":38,"column":8},"end":{"line":43,"column":9}},"20":{"start":{"line":39,"column":10},"end":{"line":41,"column":11}},"21":{"start":{"line":40,"column":12},"end":{"line":40,"column":42}},"22":{"start":{"line":42,"column":10},"end":{"line":42,"column":35}},"23":{"start":{"line":44,"column":8},"end":{"line":44,"column":20}},"24":{"start":{"line":49,"column":17},"end":{"line":55,"column":3}},"25":{"start":{"line":56,"column":2},"end":{"line":56,"column":80}}},"fnMap":{"0":{"name":"(anonymous_0)","decl":{"start":{"line":5,"column":20},"end":{"line":5,"column":21}},"loc":{"start":{"line":5,"column":26},"end":{"line":5,"column":28}},"line":5},"1":{"name":"(anonymous_1)","decl":{"start":{"line":6,"column":25},"end":{"line":6,"column":26}},"loc":{"start":{"line":6,"column":31},"end":{"line":6,"column":33}},"line":6},"2":{"name":"(anonymous_2)","decl":{"start":{"line":7,"column":23},"end":{"line":7,"column":24}},"loc":{"start":{"line":7,"column":41},"end":{"line":7,"column":43}},"line":7},"3":{"name":"(anonymous_3)","decl":{"start":{"line":8,"column":13},"end":{"line":8,"column":14}},"loc":{"start":{"line":8,"column":19},"end":{"line":8,"column":21}},"line":8},"4":{"name":"(anonymous_4)","decl":{"start":{"line":11,"column":28},"end":{"line":11,"column":29}},"loc":{"start":{"line":11,"column":44},"end":{"line":57,"column":1}},"line":11},"5":{"name":"(anonymous_5)","decl":{"start":{"line":14,"column":27},"end":{"line":14,"column":28}},"loc":{"start":{"line":14,"column":33},"end":{"line":23,"column":3}},"line":14},"6":{"name":"(anonymous_6)","decl":{"start":{"line":15,"column":50},"end":{"line":15,"column":51}},"loc":{"start":{"line":15,"column":58},"end":{"line":15,"column":72}},"line":15},"7":{"name":"(anonymous_7)","decl":{"start":{"line":17,"column":22},"end":{"line":17,"column":23}},"loc":{"start":{"line":17,"column":35},"end":{"line":19,"column":7}},"line":17},"8":{"name":"(anonymous_8)","decl":{"start":{"line":25,"column":32},"end":{"line":25,"column":33}},"loc":{"start":{"line":25,"column":38},"end":{"line":29,"column":3}},"line":25},"9":{"name":"(anonymous_9)","decl":{"start":{"line":26,"column":20},"end":{"line":26,"column":21}},"loc":{"start":{"line":26,"column":33},"end":{"line":28,"column":5}},"line":26},"10":{"name":"(anonymous_10)","decl":{"start":{"line":27,"column":30},"end":{"line":27,"column":31}},"loc":{"start":{"line":27,"column":38},"end":{"line":27,"column":51}},"line":27},"11":{"name":"(anonymous_11)","decl":{"start":{"line":31,"column":20},"end":{"line":31,"column":21}},"loc":{"start":{"line":31,"column":26},"end":{"line":33,"column":3}},"line":31},"12":{"name":"(anonymous_12)","decl":{"start":{"line":35,"column":30},"end":{"line":35,"column":31}},"loc":{"start":{"line":35,"column":52},"end":{"line":47,"column":3}},"line":35},"13":{"name":"(anonymous_13)","decl":{"start":{"line":36,"column":20},"end":{"line":36,"column":21}},"loc":{"start":{"line":36,"column":33},"end":{"line":46,"column":5}},"line":36},"14":{"name":"(anonymous_14)","decl":{"start":{"line":37,"column":27},"end":{"line":37,"column":28}},"loc":{"start":{"line":37,"column":35},"end":{"line":45,"column":7}},"line":37}},"branchMap":{"0":{"loc":{"start":{"line":16,"column":4},"end":{"line":22,"column":5}},"type":"if","locations":[{"start":{"line":16,"column":4},"end":{"line":22,"column":5}},{"start":{"line":20,"column":11},"end":{"line":22,"column":5}}],"line":16},"1":{"loc":{"start":{"line":38,"column":8},"end":{"line":43,"column":9}},"type":"if","locations":[{"start":{"line":38,"column":8},"end":{"line":43,"column":9}},{"start":{},"end":{}}],"line":38},"2":{"loc":{"start":{"line":39,"column":10},"end":{"line":41,"column":11}},"type":"if","locations":[{"start":{"line":39,"column":10},"end":{"line":41,"column":11}},{"start":{},"end":{}}],"line":39}},"s":{"0":1,"1":1,"2":0,"3":0,"4":0,"5":0,"6":0,"7":0,"8":0,"9":0,"10":0,"11":0,"12":0,"13":0,"14":0,"15":0,"16":0,"17":0,"18":0,"19":0,"20":0,"21":0,"22":0,"23":0,"24":0,"25":0},"f":{"0":0,"1":0,"2":0,"3":0,"4":0,"5":0,"6":0,"7":0,"8":0,"9":0,"10":0,"11":0,"12":0,"13":0,"14":0},"b":{"0":[0,0],"1":[0,0],"2":[0,0]},"_coverageSchema":"1a1c01bbd47fc00a2c39e90264f33305004495a9","hash":"49a9a8673e62dc1c67a4547ce1ab97c043a97348"}
,"/Users/jaseem/Documents/RN-Training/amazecart/Store/FavoriteContextProvider.js": {"path":"/Users/jaseem/Documents/RN-Training/amazecart/Store/FavoriteContextProvider.js","statementMap":{"0":{"start":{"line":3,"column":31},"end":{"line":7,"column":2}},"1":{"start":{"line":9,"column":32},"end":{"line":34,"column":1}},"2":{"start":{"line":10,"column":50},"end":{"line":10,"column":62}},"3":{"start":{"line":12,"column":31},"end":{"line":16,"column":3}},"4":{"start":{"line":13,"column":4},"end":{"line":15,"column":7}},"5":{"start":{"line":14,"column":6},"end":{"line":14,"column":32}},"6":{"start":{"line":18,"column":36},"end":{"line":22,"column":3}},"7":{"start":{"line":19,"column":4},"end":{"line":21,"column":7}},"8":{"start":{"line":20,"column":6},"end":{"line":20,"column":51}},"9":{"start":{"line":20,"column":38},"end":{"line":20,"column":49}},"10":{"start":{"line":24,"column":17},"end":{"line":28,"column":3}},"11":{"start":{"line":29,"column":2},"end":{"line":33,"column":4}}},"fnMap":{"0":{"name":"(anonymous_0)","decl":{"start":{"line":5,"column":24},"end":{"line":5,"column":25}},"loc":{"start":{"line":5,"column":30},"end":{"line":5,"column":32}},"line":5},"1":{"name":"(anonymous_1)","decl":{"start":{"line":6,"column":29},"end":{"line":6,"column":30}},"loc":{"start":{"line":6,"column":35},"end":{"line":6,"column":37}},"line":6},"2":{"name":"(anonymous_2)","decl":{"start":{"line":9,"column":32},"end":{"line":9,"column":33}},"loc":{"start":{"line":9,"column":48},"end":{"line":34,"column":1}},"line":9},"3":{"name":"(anonymous_3)","decl":{"start":{"line":12,"column":31},"end":{"line":12,"column":32}},"loc":{"start":{"line":12,"column":37},"end":{"line":16,"column":3}},"line":12},"4":{"name":"(anonymous_4)","decl":{"start":{"line":13,"column":24},"end":{"line":13,"column":25}},"loc":{"start":{"line":13,"column":37},"end":{"line":15,"column":5}},"line":13},"5":{"name":"(anonymous_5)","decl":{"start":{"line":18,"column":36},"end":{"line":18,"column":37}},"loc":{"start":{"line":18,"column":42},"end":{"line":22,"column":3}},"line":18},"6":{"name":"(anonymous_6)","decl":{"start":{"line":19,"column":24},"end":{"line":19,"column":25}},"loc":{"start":{"line":19,"column":37},"end":{"line":21,"column":5}},"line":19},"7":{"name":"(anonymous_7)","decl":{"start":{"line":20,"column":30},"end":{"line":20,"column":31}},"loc":{"start":{"line":20,"column":38},"end":{"line":20,"column":49}},"line":20}},"branchMap":{},"s":{"0":3,"1":3,"2":3,"3":3,"4":1,"5":1,"6":3,"7":0,"8":0,"9":0,"10":3,"11":3},"f":{"0":0,"1":0,"2":3,"3":1,"4":1,"5":0,"6":0,"7":0},"b":{},"_coverageSchema":"1a1c01bbd47fc00a2c39e90264f33305004495a9","hash":"f2da88ddd73907a85df6c56d2eb44e6a278a04ab"}
,"/Users/jaseem/Documents/RN-Training/amazecart/Store/ProductContextProvider.js": {"path":"/Users/jaseem/Documents/RN-Training/amazecart/Store/ProductContextProvider.js","statementMap":{"0":{"start":{"line":3,"column":30},"end":{"line":8,"column":2}},"1":{"start":{"line":11,"column":48},"end":{"line":11,"column":62}},"2":{"start":{"line":13,"column":34},"end":{"line":13,"column":48}},"3":{"start":{"line":15,"column":2},"end":{"line":17,"column":9}},"4":{"start":{"line":16,"column":4},"end":{"line":16,"column":25}},"5":{"start":{"line":19,"column":29},"end":{"line":24,"column":3}},"6":{"start":{"line":20,"column":21},"end":{"line":20,"column":69}},"7":{"start":{"line":21,"column":17},"end":{"line":21,"column":38}},"8":{"start":{"line":22,"column":4},"end":{"line":22,"column":29}},"9":{"start":{"line":23,"column":4},"end":{"line":23,"column":22}},"10":{"start":{"line":26,"column":21},"end":{"line":29,"column":3}},"11":{"start":{"line":27,"column":28},"end":{"line":27,"column":78}},"12":{"start":{"line":27,"column":60},"end":{"line":27,"column":77}},"13":{"start":{"line":28,"column":4},"end":{"line":28,"column":27}},"14":{"start":{"line":31,"column":30},"end":{"line":36,"column":3}},"15":{"start":{"line":32,"column":29},"end":{"line":34,"column":5}},"16":{"start":{"line":33,"column":17},"end":{"line":33,"column":46}},"17":{"start":{"line":35,"column":4},"end":{"line":35,"column":34}},"18":{"start":{"line":38,"column":2},"end":{"line":43,"column":4}}},"fnMap":{"0":{"name":"(anonymous_0)","decl":{"start":{"line":5,"column":22},"end":{"line":5,"column":23}},"loc":{"start":{"line":5,"column":34},"end":{"line":5,"column":36}},"line":5},"1":{"name":"(anonymous_1)","decl":{"start":{"line":6,"column":14},"end":{"line":6,"column":15}},"loc":{"start":{"line":6,"column":20},"end":{"line":6,"column":22}},"line":6},"2":{"name":"(anonymous_2)","decl":{"start":{"line":7,"column":23},"end":{"line":7,"column":24}},"loc":{"start":{"line":7,"column":35},"end":{"line":7,"column":37}},"line":7},"3":{"name":"ProductContextProvider","decl":{"start":{"line":10,"column":9},"end":{"line":10,"column":31}},"loc":{"start":{"line":10,"column":44},"end":{"line":44,"column":1}},"line":10},"4":{"name":"(anonymous_4)","decl":{"start":{"line":15,"column":12},"end":{"line":15,"column":13}},"loc":{"start":{"line":15,"column":18},"end":{"line":17,"column":3}},"line":15},"5":{"name":"(anonymous_5)","decl":{"start":{"line":19,"column":29},"end":{"line":19,"column":30}},"loc":{"start":{"line":19,"column":41},"end":{"line":24,"column":3}},"line":19},"6":{"name":"(anonymous_6)","decl":{"start":{"line":26,"column":21},"end":{"line":26,"column":22}},"loc":{"start":{"line":26,"column":27},"end":{"line":29,"column":3}},"line":26},"7":{"name":"(anonymous_7)","decl":{"start":{"line":27,"column":49},"end":{"line":27,"column":50}},"loc":{"start":{"line":27,"column":60},"end":{"line":27,"column":77}},"line":27},"8":{"name":"(anonymous_8)","decl":{"start":{"line":31,"column":30},"end":{"line":31,"column":31}},"loc":{"start":{"line":31,"column":42},"end":{"line":36,"column":3}},"line":31},"9":{"name":"(anonymous_9)","decl":{"start":{"line":33,"column":6},"end":{"line":33,"column":7}},"loc":{"start":{"line":33,"column":17},"end":{"line":33,"column":46}},"line":33}},"branchMap":{},"s":{"0":1,"1":0,"2":0,"3":0,"4":0,"5":0,"6":0,"7":0,"8":0,"9":0,"10":0,"11":0,"12":0,"13":0,"14":0,"15":0,"16":0,"17":0,"18":0},"f":{"0":2,"1":0,"2":0,"3":0,"4":0,"5":0,"6":0,"7":0,"8":0,"9":0},"b":{},"_coverageSchema":"1a1c01bbd47fc00a2c39e90264f33305004495a9","hash":"4684e8378a0a0cbfb404f54962025d20809ea0b6"}
,"/Users/jaseem/Documents/RN-Training/amazecart/Styles/Color.js": {"path":"/Users/jaseem/Documents/RN-Training/amazecart/Styles/Color.js","statementMap":{"0":{"start":{"line":1,"column":21},"end":{"line":13,"column":1}}},"fnMap":{},"branchMap":{},"s":{"0":11},"f":{},"b":{},"_coverageSchema":"1a1c01bbd47fc00a2c39e90264f33305004495a9","hash":"de6f945f1dd154e39d6b2fcfa54f11b9379191b9"}
}
