TN:
SF:Components/Cart/CartItem.js
FN:9,(anonymous_0)
FN:13,(anonymous_1)
FN:14,(anonymous_2)
FN:21,(anonymous_3)
FN:22,(anonymous_4)
FNF:5
FNH:5
FNDA:13,(anonymous_0)
FNDA:1,(anonymous_1)
FNDA:1,(anonymous_2)
FNDA:1,(anonymous_3)
FNDA:1,(anonymous_4)
DA:9,2
DA:10,13
DA:11,13
DA:13,13
DA:14,1
DA:15,1
DA:16,1
DA:17,1
DA:21,13
DA:22,1
DA:23,1
DA:24,1
DA:25,1
DA:29,13
DA:76,2
LF:15
LH:15
BRDA:23,0,0,0
BRDA:23,0,1,1
BRF:2
BRH:1
end_of_record
TN:
SF:Components/Cart/CartList.js
FN:5,(anonymous_0)
FN:9,(anonymous_1)
FN:11,(anonymous_2)
FNF:3
FNH:3
FNDA:3,(anonymous_0)
FNDA:2,(anonymous_1)
FNDA:3,(anonymous_2)
DA:5,1
DA:6,3
DA:9,1
DA:10,2
DA:11,3
LF:5
LH:5
BRF:0
BRH:0
end_of_record
TN:
SF:Components/Cart/CartPrice.js
FN:6,(anonymous_0)
FN:10,(anonymous_1)
FN:13,(anonymous_2)
FN:15,(anonymous_3)
FNF:4
FNH:4
FNDA:14,(anonymous_0)
FNDA:1,(anonymous_1)
FNDA:7,(anonymous_2)
FNDA:7,(anonymous_3)
DA:6,1
DA:7,14
DA:8,14
DA:10,14
DA:11,1
DA:13,14
DA:14,7
DA:15,7
DA:16,7
DA:18,7
DA:21,14
DA:47,1
LF:12
LH:12
BRF:0
BRH:0
end_of_record
TN:
SF:Components/Cart/DeleteCart.js
FN:7,(anonymous_0)
FN:9,(anonymous_1)
FNF:2
FNH:2
FNDA:2,(anonymous_0)
FNDA:1,(anonymous_1)
DA:7,1
DA:8,2
DA:9,2
DA:10,1
DA:12,2
LF:5
LH:5
BRF:0
BRH:0
end_of_record
TN:
SF:Components/Cart/EmptyCartContent.js
FN:6,(anonymous_0)
FNF:1
FNH:1
FNDA:2,(anonymous_0)
DA:6,2
DA:7,2
DA:17,2
LF:3
LH:3
BRF:0
BRH:0
end_of_record
TN:
SF:Components/Core/BoldTitle.js
FN:4,(anonymous_0)
FNF:1
FNH:1
FNDA:12,(anonymous_0)
DA:4,1
DA:5,12
DA:8,1
LF:3
LH:3
BRF:0
BRH:0
end_of_record
TN:
SF:Components/Core/PromotionLabel.js
FN:4,(anonymous_0)
FNF:1
FNH:1
FNDA:5,(anonymous_0)
DA:4,3
DA:5,5
DA:12,3
LF:3
LH:3
BRF:0
BRH:0
end_of_record
TN:
SF:Components/Core/ShadowComponent.js
FN:4,(anonymous_0)
FNF:1
FNH:1
FNDA:3,(anonymous_0)
DA:4,2
DA:5,3
DA:8,2
LF:3
LH:3
BRF:0
BRH:0
end_of_record
TN:
SF:Components/Login/LoginIntro.js
FN:7,LoginIntro
FN:19,(anonymous_1)
FNF:2
FNH:1
FNDA:4,LoginIntro
FNDA:0,(anonymous_1)
DA:8,4
DA:9,4
DA:19,0
DA:30,1
LF:4
LH:3
BRF:0
BRH:0
end_of_record
TN:
SF:Components/ProductDetails/Color.js
FN:7,Color
FNF:1
FNH:1
FNDA:3,Color
DA:8,3
DA:19,2
LF:2
LH:2
BRF:0
BRH:0
end_of_record
TN:
SF:Components/ProductDetails/ColorTile.js
FN:5,(anonymous_0)
FNF:1
FNH:1
FNDA:14,(anonymous_0)
DA:5,3
DA:6,14
DA:13,3
LF:3
LH:3
BRF:0
BRH:0
end_of_record
TN:
SF:Components/ProductDetails/DetailSection.js
FN:7,DetailSection
FNF:1
FNH:1
FNDA:1,DetailSection
DA:8,1
DA:21,1
LF:2
LH:2
BRF:0
BRH:0
end_of_record
TN:
SF:Components/ProductDetails/DetailTitle.js
FN:6,DetailTitle
FNF:1
FNH:1
FNDA:6,DetailTitle
DA:7,6
DA:32,2
LF:2
LH:2
BRF:0
BRH:0
end_of_record
TN:
SF:Components/ProductDetails/ImageSection.js
FN:9,ImageSection
FN:14,(anonymous_1)
FN:26,(anonymous_2)
FN:59,(anonymous_3)
FN:68,(anonymous_4)
FNF:5
FNH:4
FNDA:2,ImageSection
FNDA:8,(anonymous_1)
FNDA:0,(anonymous_2)
FNDA:8,(anonymous_3)
FNDA:8,(anonymous_4)
DA:10,2
DA:12,2
DA:14,2
DA:15,8
DA:26,2
DA:27,0
DA:31,0
DA:32,0
DA:36,2
DA:59,8
DA:69,8
DA:84,1
LF:12
LH:9
BRDA:31,0,0,0
BRDA:31,0,1,0
BRDA:73,1,0,2
BRDA:73,1,1,6
BRF:4
BRH:2
end_of_record
TN:
SF:Components/ProductDetails/PriceSection.js
FN:6,(anonymous_0)
FN:9,(anonymous_1)
FNF:2
FNH:2
FNDA:5,(anonymous_0)
FNDA:1,(anonymous_1)
DA:6,1
DA:7,5
DA:9,5
DA:10,1
DA:11,1
DA:14,5
DA:36,1
LF:7
LH:7
BRF:0
BRH:0
end_of_record
TN:
SF:Components/ProductDetails/Size.js
FN:6,Size
FNF:1
FNH:1
FNDA:3,Size
DA:7,3
DA:9,3
DA:27,2
LF:3
LH:3
BRF:0
BRH:0
end_of_record
TN:
SF:Components/ProductDetails/SizeBox.js
FN:5,(anonymous_0)
FN:8,(anonymous_1)
FN:12,(anonymous_2)
FNF:3
FNH:2
FNDA:14,(anonymous_0)
FNDA:0,(anonymous_1)
FNDA:13,(anonymous_2)
DA:5,4
DA:6,14
DA:8,14
DA:9,0
DA:12,14
DA:13,13
DA:14,1
DA:16,12
DA:20,14
DA:24,14
DA:33,4
LF:11
LH:10
BRDA:13,0,0,1
BRDA:13,0,1,12
BRDA:20,1,0,1
BRDA:20,1,1,13
BRF:4
BRH:4
end_of_record
TN:
SF:Components/ProductList/FavoriteBar.js
FN:8,(anonymous_0)
FN:13,(anonymous_1)
FN:14,(anonymous_2)
FN:17,(anonymous_3)
FN:29,(anonymous_4)
FNF:5
FNH:5
FNDA:13,(anonymous_0)
FNDA:11,(anonymous_1)
FNDA:4,(anonymous_2)
FNDA:2,(anonymous_3)
FNDA:9,(anonymous_4)
DA:8,3
DA:10,13
DA:11,13
DA:13,13
DA:14,11
DA:17,13
DA:18,2
DA:19,2
DA:20,1
DA:21,1
DA:23,1
DA:24,1
DA:28,13
DA:29,13
DA:30,9
DA:31,9
DA:32,3
DA:34,6
DA:38,13
DA:60,3
LF:20
LH:20
BRDA:19,0,0,1
BRDA:19,0,1,1
BRDA:31,1,0,3
BRDA:31,1,1,6
BRDA:40,2,0,4
BRDA:40,2,1,9
BRF:6
BRH:6
end_of_record
TN:
SF:Components/ProductList/Filter.js
FN:5,(anonymous_0)
FN:7,(anonymous_1)
FN:8,(anonymous_2)
FN:29,(anonymous_3)
FN:38,(anonymous_4)
FN:39,(anonymous_5)
FN:56,(anonymous_6)
FNF:7
FNH:7
FNDA:16,(anonymous_0)
FNDA:3,(anonymous_1)
FNDA:3,(anonymous_2)
FNDA:8,(anonymous_3)
FNDA:8,(anonymous_4)
FNDA:6,(anonymous_5)
FNDA:16,(anonymous_6)
DA:5,1
DA:6,16
DA:7,16
DA:8,3
DA:9,3
DA:12,16
DA:29,1
DA:30,8
DA:31,8
DA:33,8
DA:34,8
DA:35,16
DA:38,8
DA:39,8
DA:40,6
DA:42,8
DA:43,6
DA:45,2
DA:49,8
DA:56,16
DA:63,1
LF:21
LH:21
BRDA:9,0,0,1
BRDA:9,0,1,2
BRDA:16,1,0,2
BRDA:16,1,1,14
BRDA:42,2,0,6
BRDA:42,2,1,2
BRF:6
BRH:6
end_of_record
TN:
SF:Components/ProductList/ProductDescription.js
FN:4,(anonymous_0)
FNF:1
FNH:1
FNDA:20,(anonymous_0)
DA:4,6
DA:5,20
DA:13,6
LF:3
LH:3
BRF:0
BRH:0
end_of_record
TN:
SF:Components/ProductList/ProductDetails.js
FN:6,(anonymous_0)
FNF:1
FNH:1
FNDA:5,(anonymous_0)
DA:6,3
DA:7,5
DA:24,3
LF:3
LH:3
BRF:0
BRH:0
end_of_record
TN:
SF:Components/ProductList/ProductImage.js
FN:4,(anonymous_0)
FNF:1
FNH:1
FNDA:17,(anonymous_0)
DA:4,6
DA:10,17
DA:24,6
LF:3
LH:3
BRF:0
BRH:0
end_of_record
TN:
SF:Components/ProductList/ProductItem.js
FN:9,(anonymous_0)
FN:12,(anonymous_1)
FNF:2
FNH:1
FNDA:3,(anonymous_0)
FNDA:0,(anonymous_1)
DA:9,2
DA:10,3
DA:12,3
DA:13,0
DA:16,3
DA:36,2
LF:6
LH:5
BRF:0
BRH:0
end_of_record
TN:
SF:Components/ProductList/ProductList.js
FN:4,(anonymous_0)
FN:8,(anonymous_1)
FN:17,(anonymous_2)
FNF:3
FNH:1
FNDA:0,(anonymous_0)
FNDA:2,(anonymous_1)
FNDA:0,(anonymous_2)
DA:4,1
DA:5,0
DA:8,1
DA:9,2
DA:17,0
DA:24,1
LF:6
LH:4
BRF:0
BRH:0
end_of_record
TN:
SF:Screens/Favorites.js
FN:4,Favorites
FNF:1
FNH:1
FNDA:1,Favorites
DA:5,1
LF:1
LH:1
BRF:0
BRH:0
end_of_record
TN:
SF:Store/CartContextProvider.js
FN:5,(anonymous_0)
FN:6,(anonymous_1)
FN:7,(anonymous_2)
FN:8,(anonymous_3)
FN:11,(anonymous_4)
FN:14,(anonymous_5)
FN:15,(anonymous_6)
FN:17,(anonymous_7)
FN:25,(anonymous_8)
FN:26,(anonymous_9)
FN:27,(anonymous_10)
FN:31,(anonymous_11)
FN:35,(anonymous_12)
FN:36,(anonymous_13)
FN:37,(anonymous_14)
FNF:15
FNH:1
FNDA:0,(anonymous_0)
FNDA:0,(anonymous_1)
FNDA:2,(anonymous_2)
FNDA:0,(anonymous_3)
FNDA:0,(anonymous_4)
FNDA:0,(anonymous_5)
FNDA:0,(anonymous_6)
FNDA:0,(anonymous_7)
FNDA:0,(anonymous_8)
FNDA:0,(anonymous_9)
FNDA:0,(anonymous_10)
FNDA:0,(anonymous_11)
FNDA:0,(anonymous_12)
FNDA:0,(anonymous_13)
FNDA:0,(anonymous_14)
DA:3,5
DA:11,5
DA:12,0
DA:14,0
DA:15,0
DA:16,0
DA:17,0
DA:18,0
DA:21,0
DA:25,0
DA:26,0
DA:27,0
DA:31,0
DA:32,0
DA:35,0
DA:36,0
DA:37,0
DA:38,0
DA:39,0
DA:40,0
DA:42,0
DA:44,0
DA:49,0
DA:56,0
LF:24
LH:2
BRDA:16,0,0,0
BRDA:16,0,1,0
BRDA:38,1,0,0
BRDA:38,1,1,0
BRDA:39,2,0,0
BRDA:39,2,1,0
BRF:6
BRH:0
end_of_record
TN:
SF:Store/FavoriteContextProvider.js
FN:5,(anonymous_0)
FN:6,(anonymous_1)
FN:9,(anonymous_2)
FN:12,(anonymous_3)
FN:13,(anonymous_4)
FN:18,(anonymous_5)
FN:19,(anonymous_6)
FN:20,(anonymous_7)
FNF:8
FNH:3
FNDA:0,(anonymous_0)
FNDA:0,(anonymous_1)
FNDA:3,(anonymous_2)
FNDA:1,(anonymous_3)
FNDA:1,(anonymous_4)
FNDA:0,(anonymous_5)
FNDA:0,(anonymous_6)
FNDA:0,(anonymous_7)
DA:3,3
DA:9,3
DA:10,3
DA:12,3
DA:13,1
DA:14,1
DA:18,3
DA:19,0
DA:20,0
DA:24,3
DA:29,3
LF:11
LH:9
BRF:0
BRH:0
end_of_record
TN:
SF:Store/ProductContextProvider.js
FN:5,(anonymous_0)
FN:6,(anonymous_1)
FN:7,(anonymous_2)
FN:10,ProductContextProvider
FN:15,(anonymous_4)
FN:19,(anonymous_5)
FN:26,(anonymous_6)
FN:27,(anonymous_7)
FN:31,(anonymous_8)
FN:33,(anonymous_9)
FNF:10
FNH:1
FNDA:2,(anonymous_0)
FNDA:0,(anonymous_1)
FNDA:0,(anonymous_2)
FNDA:0,ProductContextProvider
FNDA:0,(anonymous_4)
FNDA:0,(anonymous_5)
FNDA:0,(anonymous_6)
FNDA:0,(anonymous_7)
FNDA:0,(anonymous_8)
FNDA:0,(anonymous_9)
DA:3,1
DA:11,0
DA:13,0
DA:15,0
DA:16,0
DA:19,0
DA:20,0
DA:21,0
DA:22,0
DA:23,0
DA:26,0
DA:27,0
DA:28,0
DA:31,0
DA:32,0
DA:33,0
DA:35,0
DA:38,0
LF:18
LH:1
BRF:0
BRH:0
end_of_record
TN:
SF:Styles/Color.js
FNF:0
FNH:0
DA:1,17
LF:1
LH:1
BRF:0
BRH:0
end_of_record
